#
# There is insufficient memory for the Java Runtime Environment to continue.
# Native memory allocation (malloc) failed to allocate 1048576 bytes for AllocateHeap
# Possible reasons:
#   The system is out of physical RAM or swap space
#   The process is running with CompressedOops enabled, and the Java Heap may be blocking the growth of the native heap
# Possible solutions:
#   Reduce memory load on the system
#   Increase physical memory or swap space
#   Check if swap backing store is full
#   Decrease Java heap size (-Xmx/-Xms)
#   Decrease number of Java threads
#   Decrease Java thread stack sizes (-Xss)
#   Set larger code cache with -XX:ReservedCodeCacheSize=
#   JVM is running with Unscaled Compressed Oops mode in which the Java heap is
#     placed in the first 4GB address space. The Java Heap base address is the
#     maximum limit for the native heap growth. Please use -XX:HeapBaseMinAddress
#     to set the Java Heap base and to place the Java Heap above 4GB virtual address.
# This output file may be truncated or incomplete.
#
#  Out of Memory Error (allocation.cpp:44), pid=28564, tid=18864
#
# JRE version:  (19.0.2+7) (build )
# Java VM: Java HotSpot(TM) 64-Bit Server VM (19.0.2+7-44, mixed mode, sharing, tiered, compressed oops, compressed class ptrs, g1 gc, windows-amd64)
# No core dump will be written. Minidumps are not enabled by default on client versions of Windows
#

---------------  S U M M A R Y ------------

Command Line: -XX:+ShowCodeDetailsInExceptionMessages models.BarVisualization

Host: AMD Ryzen 7 5700X 8-Core Processor             , 16 cores, 15G,  Windows 10 , 64 bit Build 19041 (10.0.19041.2546)
Time: Sun Mar 12 13:27:02 2023 Eastern Daylight Time elapsed time: 0.032333 seconds (0d 0h 0m 0s)

---------------  T H R E A D  ---------------

Current thread (0x0000027b9e14eb90):  JavaThread "Unknown thread" [_thread_in_vm, id=18864, stack(0x000000b0cc600000,0x000000b0cc700000)]

Stack: [0x000000b0cc600000,0x000000b0cc700000]
Native frames: (J=compiled Java code, j=interpreted, Vv=VM code, C=native code)
V  [jvm.dll+0x6ee21a]
V  [jvm.dll+0x85765e]
V  [jvm.dll+0x85904e]
V  [jvm.dll+0x859703]
V  [jvm.dll+0x28298f]
V  [jvm.dll+0xc406b]
V  [jvm.dll+0x32a5d9]
V  [jvm.dll+0x82174b]
V  [jvm.dll+0x3c2661]
V  [jvm.dll+0x801f51]
V  [jvm.dll+0x44ae8f]
V  [jvm.dll+0x44c811]
C  [jli.dll+0x5287]
C  [ucrtbase.dll+0x21bb2]
C  [KERNEL32.DLL+0x17614]
C  [ntdll.dll+0x526a1]


---------------  P R O C E S S  ---------------

Threads class SMR info:
_java_thread_list=0x00007ff8315fd048, length=0, elements={
}

Java Threads: ( => current thread )

Other Threads:

=>0x0000027b9e14eb90 (exited) JavaThread "Unknown thread" [_thread_in_vm, id=18864, stack(0x000000b0cc600000,0x000000b0cc700000)]

Threads with active compile tasks:

VM state: not at safepoint (not fully initialized)

VM Mutex/Monitor currently owned by a thread: None

Heap address: 0x0000000000000000, size: 0 MB, Compressed Oops mode: 32-bit

CDS archive(s) mapped at: [0x0000000000000000-0x0000000000000000-0x0000000000000000), size 0, SharedBaseAddress: 0x0000000800000000, ArchiveRelocationMode: 0.
Narrow klass base: 0x0000000000000000, Narrow klass shift: 0, Narrow klass range: 0x0

GC Precious Log:
 CardTable entry size: 512
 Card Set container configuration: InlinePtr #cards 4 size 8 Array Of Cards #cards 16 size 48 Howl #buckets 8 coarsen threshold 3686 Howl Bitmap #cards 512 size 80 coarsen threshold 460 Card regions per heap region 1 cards per card region 4096

GC Heap History (0 events):
No events

Dll operation events (1 events):
Event: 0.006 Loaded shared library C:\Program Files\Java\jdk-19\bin\java.dll

Deoptimization events (0 events):
No events

Classes loaded (0 events):
No events

Classes unloaded (0 events):
No events

Classes redefined (0 events):
No events

Internal exceptions (0 events):
No events

VM Operations (0 events):
No events

Events (0 events):
No events


Dynamic libraries:
0x00007ff729b70000 - 0x00007ff729b80000 	C:\Program Files\Java\jdk-19\bin\java.exe
0x00007ff88b270000 - 0x00007ff88b468000 	C:\WINDOWS\SYSTEM32\ntdll.dll
0x00007ff88aee0000 - 0x00007ff88af9f000 	C:\WINDOWS\System32\KERNEL32.DLL
0x00007ff888cf0000 - 0x00007ff888fc2000 	C:\WINDOWS\System32\KERNELBASE.dll
0x00007ff888b20000 - 0x00007ff888c20000 	C:\WINDOWS\System32\ucrtbase.dll
0x00007ff87d040000 - 0x00007ff87d05b000 	C:\Program Files\Java\jdk-19\bin\VCRUNTIME140.dll
0x00007ff87b8d0000 - 0x00007ff87b8e8000 	C:\Program Files\Java\jdk-19\bin\jli.dll
0x00007ff889d70000 - 0x00007ff889e1e000 	C:\WINDOWS\System32\ADVAPI32.dll
0x00007ff88ae40000 - 0x00007ff88aede000 	C:\WINDOWS\System32\msvcrt.dll
0x00007ff88a720000 - 0x00007ff88a7bc000 	C:\WINDOWS\System32\sechost.dll
0x00007ff88ad10000 - 0x00007ff88ae35000 	C:\WINDOWS\System32\RPCRT4.dll
0x00007ff889780000 - 0x00007ff889921000 	C:\WINDOWS\System32\USER32.dll
0x00007ff888c20000 - 0x00007ff888c42000 	C:\WINDOWS\System32\win32u.dll
0x00007ff87c160000 - 0x00007ff87c3fa000 	C:\WINDOWS\WinSxS\amd64_microsoft.windows.common-controls_6595b64144ccf1df_6.0.19041.1110_none_60b5254171f9507e\COMCTL32.dll
0x00007ff8892c0000 - 0x00007ff8892eb000 	C:\WINDOWS\System32\GDI32.dll
0x00007ff889040000 - 0x00007ff88914f000 	C:\WINDOWS\System32\gdi32full.dll
0x00007ff888c50000 - 0x00007ff888ced000 	C:\WINDOWS\System32\msvcp_win.dll
0x00007ff883770000 - 0x00007ff88377a000 	C:\WINDOWS\SYSTEM32\VERSION.dll
0x00007ff889ee0000 - 0x00007ff889f12000 	C:\WINDOWS\System32\IMM32.DLL
0x00007ff87bd40000 - 0x00007ff87bd4c000 	C:\Program Files\Java\jdk-19\bin\vcruntime140_1.dll
0x00007ff8786d0000 - 0x00007ff87875e000 	C:\Program Files\Java\jdk-19\bin\msvcp140.dll
0x00007ff830a80000 - 0x00007ff831740000 	C:\Program Files\Java\jdk-19\bin\server\jvm.dll
0x00007ff882e90000 - 0x00007ff882e99000 	C:\WINDOWS\SYSTEM32\WSOCK32.dll
0x00007ff883530000 - 0x00007ff883557000 	C:\WINDOWS\SYSTEM32\WINMM.dll
0x00007ff88b090000 - 0x00007ff88b0fb000 	C:\WINDOWS\System32\WS2_32.dll
0x00007ff8871d0000 - 0x00007ff8871e2000 	C:\WINDOWS\SYSTEM32\kernel.appcore.dll
0x00007ff87b8c0000 - 0x00007ff87b8ca000 	C:\Program Files\Java\jdk-19\bin\jimage.dll
0x00007ff886010000 - 0x00007ff8861f4000 	C:\WINDOWS\SYSTEM32\DBGHELP.DLL
0x00007ff872160000 - 0x00007ff872195000 	C:\WINDOWS\SYSTEM32\dbgcore.DLL
0x00007ff888990000 - 0x00007ff888a12000 	C:\WINDOWS\System32\bcryptPrimitives.dll
0x00007ff86ed70000 - 0x00007ff86ed96000 	C:\Program Files\Java\jdk-19\bin\java.dll

dbghelp: loaded successfully - version: 4.0.5 - missing functions: none
symbol engine: initialized successfully - sym options: 0x614 - pdb path: .;C:\Program Files\Java\jdk-19\bin;C:\WINDOWS\SYSTEM32;C:\WINDOWS\WinSxS\amd64_microsoft.windows.common-controls_6595b64144ccf1df_6.0.19041.1110_none_60b5254171f9507e;C:\Program Files\Java\jdk-19\bin\server

VM Arguments:
jvm_args: -XX:+ShowCodeDetailsInExceptionMessages 
java_command: models.BarVisualization
java_class_path (initial): D:\projectbravo\code\eecs3311-project-bravo\bin;D:\projectbravo\code\eecs3311-project-bravo\dependencies\commons-math3-3.6.1-javadoc.jar;D:\projectbravo\code\eecs3311-project-bravo\dependencies\commons-math3-3.6.1-sources.jar;D:\projectbravo\code\eecs3311-project-bravo\dependencies\commons-math3-3.6.1-test-sources.jar;D:\projectbravo\code\eecs3311-project-bravo\dependencies\commons-math3-3.6.1-tests.jar;D:\projectbravo\code\eecs3311-project-bravo\dependencies\commons-math3-3.6.1-tools.jar;D:\projectbravo\code\eecs3311-project-bravo\dependencies\commons-math3-3.6.1.jar;D:\projectbravo\code\eecs3311-project-bravo\dependencies\jfreechart-1.5.0.jar;D:\projectbravo\code\eecs3311-project-bravo\dependencies\mysql-connector-j-8.0.31.jar
Launcher Type: SUN_STANDARD

[Global flags]
     intx CICompilerCount                          = 12                                        {product} {ergonomic}
     uint ConcGCThreads                            = 3                                         {product} {ergonomic}
     uint G1ConcRefinementThreads                  = 13                                        {product} {ergonomic}
   size_t G1HeapRegionSize                         = 2097152                                   {product} {ergonomic}
    uintx GCDrainStackTargetSize                   = 64                                        {product} {ergonomic}
   size_t InitialHeapSize                          = 268435456                                 {product} {ergonomic}
   size_t MarkStackSize                            = 4194304                                   {product} {ergonomic}
   size_t MaxHeapSize                              = 4273995776                                {product} {ergonomic}
   size_t MinHeapDeltaBytes                        = 2097152                                   {product} {ergonomic}
   size_t MinHeapSize                              = 8388608                                   {product} {ergonomic}
    uintx NonNMethodCodeHeapSize                   = 7602480                                {pd product} {ergonomic}
    uintx NonProfiledCodeHeapSize                  = 122027880                              {pd product} {ergonomic}
    uintx ProfiledCodeHeapSize                     = 122027880                              {pd product} {ergonomic}
    uintx ReservedCodeCacheSize                    = 251658240                              {pd product} {ergonomic}
     bool SegmentedCodeCache                       = true                                      {product} {ergonomic}
     bool ShowCodeDetailsInExceptionMessages       = true                                   {manageable} {command line}
   size_t SoftMaxHeapSize                          = 4273995776                             {manageable} {ergonomic}
     bool UseCompressedClassPointers               = true                           {product lp64_product} {ergonomic}
     bool UseCompressedOops                        = true                           {product lp64_product} {ergonomic}
     bool UseG1GC                                  = true                                      {product} {ergonomic}
     bool UseLargePagesIndividualAllocation        = false                                  {pd product} {ergonomic}

Logging:
Log output configuration:
 #0: stdout all=warning uptime,level,tags foldmultilines=false
 #1: stderr all=off uptime,level,tags foldmultilines=false

Environment Variables:
JAVA_HOME=C:\Users\Mankar\AppData\Local\Programs\AdoptOpenJDK\
PATH=C:\Program Files\Common Files\Oracle\Java\javapath;C:\Program Files\Eclipse Adoptium\jdk-17.0.6.10-hotspot\bin;C:\Python310\Scripts\;C:\Python310\;C:\Program Files\Python39\Scripts\;C:\Program Files\Python39\;C:\Program Files (x86)\Common Files\Intel\Shared Libraries\redist\intel64_win\compiler;C:\Program Files (x86)\Common Files\Intel\Shared Libraries\redist\ia32_win\compiler;C:\Program Files (x86)\Common Files\Intel\Shared Files\cpp\bin\Intel64;C:\Program Files (x86)\Common Files\Oracle\Java\javapath;C:\Program Files (x86)\Common Files\Intel\Shared Libraries\redist\ia32\compiler;C:\Program Files (x86)\Common Files\Intel\Shared Libraries\redist\intel64\compiler;C:\WINDOWS\system32;C:\WINDOWS;C:\WINDOWS\System32\Wbem;C:\WINDOWS\System32\WindowsPowerShell\v1.0\;C:\Program Files (x86)\QuickTime\QTSystem\;C:\WINDOWS\System32\OpenSSH\;C:\Program Files\NVIDIA Corporation\NVIDIA NvDLISR;C:\Program Files (x86)\NVIDIA Corporation\PhysX\Common;C:\ProgramData\chocolatey\bin;C:\WINDOWS\system32;C:\WINDOWS;C:\WINDOWS\System32\Wbem;C:\WINDOWS\System32\WindowsPowerShell\v1.0\;C:\WINDOWS\System32\OpenSSH\;C:\Program Files (x86)\dotnet\;C:\Program Files\dotnet\;Z:\node\;C:\Program Files\Microsoft SQL Server\130\Tools\Binn\;C:\Program Files\Microsoft SQL Server\Client SDK\ODBC\170\Tools\Binn\;C:\Program Files\Git\cmd;C:\Program Files\MySQL\MySQL Shell 8.0\bin\;C:\Users\Mankar\.cargo\bin;C:\Users\Mankar\anaconda3;C:\Users\Mankar\anaconda3\Library\mingw-w64\bin;C:\Users\Mankar\anaconda3\Library\usr\bin;C:\Users\Mankar\anaconda3\Library\bin;C:\Users\Mankar\anaconda3\Scripts;C:\Users\Mankar\AppData\Local\Programs\AdoptOpenJDK\bin;C:\Users\Mankar\AppData\Local\Microsoft\WindowsApps;C:\Users\Mankar\AppData\Local\GitHubDesktop\bin;C:\Users\Mankar\AppData\Local\Microsoft\WindowsApps;C:\Users\Mankar\AppData\Local\Programs\Microsoft VS Code\bin;C:\Users\Mankar\AppData\Roaming\npm
USERNAME=Mankar
LANG=en_US.UTF-8
OS=Windows_NT
PROCESSOR_IDENTIFIER=AMD64 Family 25 Model 33 Stepping 2, AuthenticAMD
TMP=C:\Users\Mankar\AppData\Local\Temp
TEMP=C:\Users\Mankar\AppData\Local\Temp



---------------  S Y S T E M  ---------------

OS:
 Windows 10 , 64 bit Build 19041 (10.0.19041.2546)
OS uptime: 13 days 19:31 hours

CPU: total 16 (initial active 16) (16 cores per cpu, 2 threads per core) family 25 model 33 stepping 2 microcode 0x0, cx8, cmov, fxsr, ht, mmx, 3dnowpref, sse, sse2, sse3, ssse3, sse4a, sse4.1, sse4.2, popcnt, lzcnt, tsc, tscinvbit, avx, avx2, aes, erms, clmul, bmi1, bmi2, adx, sha, fma, vzeroupper, clflush, clflushopt, rdtscp, rdpid, fsrm

Memory: 4k page, system-wide physical 16296M (3765M free)
TotalPageFile size 25100M (AvailPageFile size 5M)
current process WorkingSet (physical memory assigned to process): 10M, peak: 10M
current process commit charge ("private bytes"): 15M, peak: 16M

vm_info: Java HotSpot(TM) 64-Bit Server VM (19.0.2+7-44) for windows-amd64 JRE (19.0.2+7-44), built on 2022-11-30T18:02:09Z by "mach5one" with MS VC++ 17.1 (VS2022)

END.
